[debug] [2023-03-02T08:15:32.282Z] ----------------------------------------------------------------------
[debug] [2023-03-02T08:15:32.284Z] Command:       C:\Program Files\nodejs\node.exe C:\Users\Harsh Yadav\AppData\Roaming\npm\node_modules\firebase-tools\lib\bin\firebase.js deploy
[debug] [2023-03-02T08:15:32.285Z] CLI Version:   11.24.0
[debug] [2023-03-02T08:15:32.285Z] Platform:      win32
[debug] [2023-03-02T08:15:32.285Z] Node Version:  v16.17.0
[debug] [2023-03-02T08:15:32.286Z] Time:          Thu Mar 02 2023 13:45:32 GMT+0530 (India Standard Time)
[debug] [2023-03-02T08:15:32.286Z] ----------------------------------------------------------------------
[debug] 
[debug] [2023-03-02T08:15:32.353Z] > command requires scopes: ["email","openid","https://www.googleapis.com/auth/cloudplatformprojects.readonly","https://www.googleapis.com/auth/firebase","https://www.googleapis.com/auth/cloud-platform"]
[debug] [2023-03-02T08:15:32.354Z] > authorizing via signed-in user (harshyadav082000@gmail.com)
[debug] [2023-03-02T08:15:32.354Z] [iam] checking project harsh-portfolio-08 for permissions ["firebase.projects.get","firebasehosting.sites.update"]
[debug] [2023-03-02T08:15:32.356Z] >>> [apiv2][query] POST https://cloudresourcemanager.googleapis.com/v1/projects/harsh-portfolio-08:testIamPermissions [none]
[debug] [2023-03-02T08:15:32.356Z] >>> [apiv2][(partial)header] POST https://cloudresourcemanager.googleapis.com/v1/projects/harsh-portfolio-08:testIamPermissions x-goog-quota-user=projects/harsh-portfolio-08
[debug] [2023-03-02T08:15:32.356Z] >>> [apiv2][body] POST https://cloudresourcemanager.googleapis.com/v1/projects/harsh-portfolio-08:testIamPermissions {"permissions":["firebase.projects.get","firebasehosting.sites.update"]}
[debug] [2023-03-02T08:15:33.928Z] <<< [apiv2][status] POST https://cloudresourcemanager.googleapis.com/v1/projects/harsh-portfolio-08:testIamPermissions 200
[debug] [2023-03-02T08:15:33.928Z] <<< [apiv2][body] POST https://cloudresourcemanager.googleapis.com/v1/projects/harsh-portfolio-08:testIamPermissions {"permissions":["firebase.projects.get","firebasehosting.sites.update"]}
[debug] [2023-03-02T08:15:33.930Z] >>> [apiv2][query] GET https://firebase.googleapis.com/v1beta1/projects/harsh-portfolio-08 [none]
[debug] [2023-03-02T08:15:34.433Z] <<< [apiv2][status] GET https://firebase.googleapis.com/v1beta1/projects/harsh-portfolio-08 200
[debug] [2023-03-02T08:15:34.433Z] <<< [apiv2][body] GET https://firebase.googleapis.com/v1beta1/projects/harsh-portfolio-08 {"projectId":"harsh-portfolio-08","projectNumber":"1004496094354","displayName":"Harsh-Portfolio","name":"projects/harsh-portfolio-08","resources":{"hostingSite":"harsh-portfolio-08"},"state":"ACTIVE","etag":"1_2fcd5fa4-839a-4bde-9848-4774496d5807"}
[info] 
[info] === Deploying to 'harsh-portfolio-08'...
[info] 
[info] i  deploying hosting 
[debug] [2023-03-02T08:15:34.438Z] >>> [apiv2][query] POST https://firebasehosting.googleapis.com/v1beta1/projects/-/sites/harsh-portfolio-08/versions [none]
[debug] [2023-03-02T08:15:34.438Z] >>> [apiv2][body] POST https://firebasehosting.googleapis.com/v1beta1/projects/-/sites/harsh-portfolio-08/versions {"status":"CREATED","labels":{"deployment-tool":"cli-firebase"}}
[debug] [2023-03-02T08:15:36.117Z] <<< [apiv2][status] POST https://firebasehosting.googleapis.com/v1beta1/projects/-/sites/harsh-portfolio-08/versions 200
[debug] [2023-03-02T08:15:36.117Z] <<< [apiv2][body] POST https://firebasehosting.googleapis.com/v1beta1/projects/-/sites/harsh-portfolio-08/versions {"name":"projects/1004496094354/sites/harsh-portfolio-08/versions/be24246a769c324e","status":"CREATED","config":{},"labels":{"deployment-tool":"cli-firebase"}}
[info] i  hosting[harsh-portfolio-08]: beginning deploy... 
[info] i  hosting[harsh-portfolio-08]: found 24 files in build 
[debug] [2023-03-02T08:15:36.137Z] [hosting] uploading with 200 concurrency
[debug] [2023-03-02T08:15:38.875Z] [hosting] hash cache [YnVpbGQ] stored for 24 files
[debug] [2023-03-02T08:15:38.876Z] [hosting][hash queue][FINAL] {"max":2722,"min":35,"avg":189.75,"active":0,"complete":24,"success":24,"errored":0,"retried":0,"total":24,"elapsed":2734}
[debug] [2023-03-02T08:15:38.876Z] >>> [apiv2][query] POST https://firebasehosting.googleapis.com/v1beta1/projects/1004496094354/sites/harsh-portfolio-08/versions/be24246a769c324e:populateFiles [none]
[debug] [2023-03-02T08:15:38.876Z] >>> [apiv2][body] POST https://firebasehosting.googleapis.com/v1beta1/projects/1004496094354/sites/harsh-portfolio-08/versions/be24246a769c324e:populateFiles {"files":{"/asset-manifest.json":"d70e412513f0461eb8d2e01765405124648e4e97f1e6daa7c5cbd99568eb1ad8","/index.html":"7df3523014385d521103cdb6594f7f4409023afb5ac41f5e26f53db33d471928","/manifest.json":"5c997de1364b8be939319fa9209abd77f2caf7f8844999a9e2e9173f844e7840","/favicon1.ico":"e67b0c4f99018f50fb2762c40ea0a0a3de97b10bfaadf9d211dcebbe49828ce9","/favicon.ico":"d8aaacd905157f4c432f35d9689c0fcc091fde4c3ed39d60cf24c6fee52c47c7","/robots.txt":"b2090cf9761ef60aa06e4fab97679bd43dfa5e5df073701ead5879d7c68f1ec5","/static/js/main.674a1d51.js.LICENSE.txt":"67de8cf9a9ba2b34c885fbad32a87303ea506e7e4c9020d475213ddd8ebda646","/static/css/main.4613b9cd.css":"0fad48a61866181b160d3c9c0b601de0c82651701a1067317caa0f595ecbdd9d","/static/media/WebWork2-2.c8d0fd29b0cdf816db80.png":"019dd73c50dcb4039f7ff6260c23e40cbf132060207b2f52cb410aa5e35384f9","/apple-touch-icon.png":"9d926c7daf287836efcbb71b2f9791c56f8dc84c1687d651d60b24968b8631f0","/static/media/Navlogo.dc1a18e021eb78dfe7c7.png":"5d80d08a3dc77585e73dfaba2805ed5c668e490d5f4e4e3ffdb751d78def0644","/logo192.png":"0169bbaa4186d467f2f036acedffb780916528747ee19a8f26ff4d8acbbfe4d9","/static/media/Cert-1.1c8f2c90ff7fb2c9180f.png":"3f62d693fb3bd2eed44674b70de7fd8fac72e45acb8c6f38cbd4a2f3ad20562d","/logo512.png":"c20d695fbb923110ff7e569eb71e06a5b43bbf5e9b1c3b7038354cc0517eff8e","/static/js/main.674a1d51.js":"229e4c51d641fca16c37c322d40fd853ae56bbbe97c92732471ca9082ee60dd9","/static/media/Cert-3.76f412bb5489042a0f95.png":"b3cb1a96f4ed7e270da3db0ee1f263331847ff22782f9db5ccdb6e2892985a9e","/static/media/Cert-2.f9f07a9b30ac20fe924b.png":"1fb44f22e93b432a630643e02c5ca9d2c38c5cecc41418adb83517d1c9c53780","/static/media/WebWork5.57747723c5468c263792.png":"92edfd4370d62641bf3b90526c8ef4c516ea05128a15fe5a98fe79607b78ea66","/static/media/work4.bf63ac5014906660b911.jpg":"95f61b41f1a0806e1b94136ef6c1c5b98a1384cae9871d14c93716585ff41e59","/static/media/logo.c114764e9879021bb717.png":"1c0bc89c3c7992563ac990b2a1c80368838b009c3c19d8cb07097ba4ece0c1e8","/static/media/WebWork4.c71393e37ce89a371a99.jpg":"158ff3e59067092872c54b3526332e9cf648ab33d5ca7ef4216b172d8b010d0b","/static/media/WebWork1.f1c52910651400cc0829.png":"49e690891f9b79dd9550fd0bdf4e4607931695f6ec1f4855dde2178528939297","/static/media/WebWork3.14aa6a4b425e2626157e.png":"a3e24536c016c0bdf770da7661f97f81d49b8f0b361c62ff9a1ee44843fdfe8a","/static/media/My project-1.3ff4ca3f5f2b5aafd846.png":"8a14c1e6e22ba7a288b583dc96a575821e0089eebf710aeebce709d2b3b75c83"}}
[debug] [2023-03-02T08:15:40.251Z] <<< [apiv2][status] POST https://firebasehosting.googleapis.com/v1beta1/projects/1004496094354/sites/harsh-portfolio-08/versions/be24246a769c324e:populateFiles 200
[debug] [2023-03-02T08:15:40.251Z] <<< [apiv2][body] POST https://firebasehosting.googleapis.com/v1beta1/projects/1004496094354/sites/harsh-portfolio-08/versions/be24246a769c324e:populateFiles {"uploadRequiredHashes":["d70e412513f0461eb8d2e01765405124648e4e97f1e6daa7c5cbd99568eb1ad8","7df3523014385d521103cdb6594f7f4409023afb5ac41f5e26f53db33d471928","c20d695fbb923110ff7e569eb71e06a5b43bbf5e9b1c3b7038354cc0517eff8e","0fad48a61866181b160d3c9c0b601de0c82651701a1067317caa0f595ecbdd9d","e67b0c4f99018f50fb2762c40ea0a0a3de97b10bfaadf9d211dcebbe49828ce9","5d80d08a3dc77585e73dfaba2805ed5c668e490d5f4e4e3ffdb751d78def0644","0169bbaa4186d467f2f036acedffb780916528747ee19a8f26ff4d8acbbfe4d9","8a14c1e6e22ba7a288b583dc96a575821e0089eebf710aeebce709d2b3b75c83","158ff3e59067092872c54b3526332e9cf648ab33d5ca7ef4216b172d8b010d0b","229e4c51d641fca16c37c322d40fd853ae56bbbe97c92732471ca9082ee60dd9","92edfd4370d62641bf3b90526c8ef4c516ea05128a15fe5a98fe79607b78ea66","67de8cf9a9ba2b34c885fbad32a87303ea506e7e4c9020d475213ddd8ebda646","d8aaacd905157f4c432f35d9689c0fcc091fde4c3ed39d60cf24c6fee52c47c7","9d926c7daf287836efcbb71b2f9791c56f8dc84c1687d651d60b24968b8631f0","1c0bc89c3c7992563ac990b2a1c80368838b009c3c19d8cb07097ba4ece0c1e8"],"uploadUrl":"https://upload-firebasehosting.googleapis.com/upload/sites/harsh-portfolio-08/versions/be24246a769c324e/files"}
[debug] [2023-03-02T08:15:40.261Z] >>> [apiv2][query] POST https://upload-firebasehosting.googleapis.com/upload/sites/harsh-portfolio-08/versions/be24246a769c324e/files/d70e412513f0461eb8d2e01765405124648e4e97f1e6daa7c5cbd99568eb1ad8 [none]
[debug] [2023-03-02T08:15:40.262Z] >>> [apiv2][body] POST https://upload-firebasehosting.googleapis.com/upload/sites/harsh-portfolio-08/versions/be24246a769c324e/files/d70e412513f0461eb8d2e01765405124648e4e97f1e6daa7c5cbd99568eb1ad8 [stream]
[debug] [2023-03-02T08:15:40.265Z] >>> [apiv2][query] POST https://upload-firebasehosting.googleapis.com/upload/sites/harsh-portfolio-08/versions/be24246a769c324e/files/7df3523014385d521103cdb6594f7f4409023afb5ac41f5e26f53db33d471928 [none]
[debug] [2023-03-02T08:15:40.266Z] >>> [apiv2][body] POST https://upload-firebasehosting.googleapis.com/upload/sites/harsh-portfolio-08/versions/be24246a769c324e/files/7df3523014385d521103cdb6594f7f4409023afb5ac41f5e26f53db33d471928 [stream]
[debug] [2023-03-02T08:15:40.268Z] >>> [apiv2][query] POST https://upload-firebasehosting.googleapis.com/upload/sites/harsh-portfolio-08/versions/be24246a769c324e/files/c20d695fbb923110ff7e569eb71e06a5b43bbf5e9b1c3b7038354cc0517eff8e [none]
[debug] [2023-03-02T08:15:40.269Z] >>> [apiv2][body] POST https://upload-firebasehosting.googleapis.com/upload/sites/harsh-portfolio-08/versions/be24246a769c324e/files/c20d695fbb923110ff7e569eb71e06a5b43bbf5e9b1c3b7038354cc0517eff8e [stream]
[debug] [2023-03-02T08:15:40.271Z] >>> [apiv2][query] POST https://upload-firebasehosting.googleapis.com/upload/sites/harsh-portfolio-08/versions/be24246a769c324e/files/0fad48a61866181b160d3c9c0b601de0c82651701a1067317caa0f595ecbdd9d [none]
[debug] [2023-03-02T08:15:40.271Z] >>> [apiv2][body] POST https://upload-firebasehosting.googleapis.com/upload/sites/harsh-portfolio-08/versions/be24246a769c324e/files/0fad48a61866181b160d3c9c0b601de0c82651701a1067317caa0f595ecbdd9d [stream]
[debug] [2023-03-02T08:15:40.275Z] >>> [apiv2][query] POST https://upload-firebasehosting.googleapis.com/upload/sites/harsh-portfolio-08/versions/be24246a769c324e/files/e67b0c4f99018f50fb2762c40ea0a0a3de97b10bfaadf9d211dcebbe49828ce9 [none]
[debug] [2023-03-02T08:15:40.275Z] >>> [apiv2][body] POST https://upload-firebasehosting.googleapis.com/upload/sites/harsh-portfolio-08/versions/be24246a769c324e/files/e67b0c4f99018f50fb2762c40ea0a0a3de97b10bfaadf9d211dcebbe49828ce9 [stream]
[debug] [2023-03-02T08:15:40.278Z] >>> [apiv2][query] POST https://upload-firebasehosting.googleapis.com/upload/sites/harsh-portfolio-08/versions/be24246a769c324e/files/5d80d08a3dc77585e73dfaba2805ed5c668e490d5f4e4e3ffdb751d78def0644 [none]
[debug] [2023-03-02T08:15:40.278Z] >>> [apiv2][body] POST https://upload-firebasehosting.googleapis.com/upload/sites/harsh-portfolio-08/versions/be24246a769c324e/files/5d80d08a3dc77585e73dfaba2805ed5c668e490d5f4e4e3ffdb751d78def0644 [stream]
[debug] [2023-03-02T08:15:40.280Z] >>> [apiv2][query] POST https://upload-firebasehosting.googleapis.com/upload/sites/harsh-portfolio-08/versions/be24246a769c324e/files/0169bbaa4186d467f2f036acedffb780916528747ee19a8f26ff4d8acbbfe4d9 [none]
[debug] [2023-03-02T08:15:40.280Z] >>> [apiv2][body] POST https://upload-firebasehosting.googleapis.com/upload/sites/harsh-portfolio-08/versions/be24246a769c324e/files/0169bbaa4186d467f2f036acedffb780916528747ee19a8f26ff4d8acbbfe4d9 [stream]
[debug] [2023-03-02T08:15:40.282Z] >>> [apiv2][query] POST https://upload-firebasehosting.googleapis.com/upload/sites/harsh-portfolio-08/versions/be24246a769c324e/files/8a14c1e6e22ba7a288b583dc96a575821e0089eebf710aeebce709d2b3b75c83 [none]
[debug] [2023-03-02T08:15:40.282Z] >>> [apiv2][body] POST https://upload-firebasehosting.googleapis.com/upload/sites/harsh-portfolio-08/versions/be24246a769c324e/files/8a14c1e6e22ba7a288b583dc96a575821e0089eebf710aeebce709d2b3b75c83 [stream]
[debug] [2023-03-02T08:15:40.284Z] >>> [apiv2][query] POST https://upload-firebasehosting.googleapis.com/upload/sites/harsh-portfolio-08/versions/be24246a769c324e/files/158ff3e59067092872c54b3526332e9cf648ab33d5ca7ef4216b172d8b010d0b [none]
[debug] [2023-03-02T08:15:40.284Z] >>> [apiv2][body] POST https://upload-firebasehosting.googleapis.com/upload/sites/harsh-portfolio-08/versions/be24246a769c324e/files/158ff3e59067092872c54b3526332e9cf648ab33d5ca7ef4216b172d8b010d0b [stream]
[debug] [2023-03-02T08:15:40.287Z] >>> [apiv2][query] POST https://upload-firebasehosting.googleapis.com/upload/sites/harsh-portfolio-08/versions/be24246a769c324e/files/229e4c51d641fca16c37c322d40fd853ae56bbbe97c92732471ca9082ee60dd9 [none]
[debug] [2023-03-02T08:15:40.288Z] >>> [apiv2][body] POST https://upload-firebasehosting.googleapis.com/upload/sites/harsh-portfolio-08/versions/be24246a769c324e/files/229e4c51d641fca16c37c322d40fd853ae56bbbe97c92732471ca9082ee60dd9 [stream]
[debug] [2023-03-02T08:15:40.291Z] >>> [apiv2][query] POST https://upload-firebasehosting.googleapis.com/upload/sites/harsh-portfolio-08/versions/be24246a769c324e/files/92edfd4370d62641bf3b90526c8ef4c516ea05128a15fe5a98fe79607b78ea66 [none]
[debug] [2023-03-02T08:15:40.291Z] >>> [apiv2][body] POST https://upload-firebasehosting.googleapis.com/upload/sites/harsh-portfolio-08/versions/be24246a769c324e/files/92edfd4370d62641bf3b90526c8ef4c516ea05128a15fe5a98fe79607b78ea66 [stream]
[debug] [2023-03-02T08:15:40.293Z] >>> [apiv2][query] POST https://upload-firebasehosting.googleapis.com/upload/sites/harsh-portfolio-08/versions/be24246a769c324e/files/67de8cf9a9ba2b34c885fbad32a87303ea506e7e4c9020d475213ddd8ebda646 [none]
[debug] [2023-03-02T08:15:40.293Z] >>> [apiv2][body] POST https://upload-firebasehosting.googleapis.com/upload/sites/harsh-portfolio-08/versions/be24246a769c324e/files/67de8cf9a9ba2b34c885fbad32a87303ea506e7e4c9020d475213ddd8ebda646 [stream]
[debug] [2023-03-02T08:15:40.295Z] >>> [apiv2][query] POST https://upload-firebasehosting.googleapis.com/upload/sites/harsh-portfolio-08/versions/be24246a769c324e/files/d8aaacd905157f4c432f35d9689c0fcc091fde4c3ed39d60cf24c6fee52c47c7 [none]
[debug] [2023-03-02T08:15:40.296Z] >>> [apiv2][body] POST https://upload-firebasehosting.googleapis.com/upload/sites/harsh-portfolio-08/versions/be24246a769c324e/files/d8aaacd905157f4c432f35d9689c0fcc091fde4c3ed39d60cf24c6fee52c47c7 [stream]
[debug] [2023-03-02T08:15:40.297Z] >>> [apiv2][query] POST https://upload-firebasehosting.googleapis.com/upload/sites/harsh-portfolio-08/versions/be24246a769c324e/files/9d926c7daf287836efcbb71b2f9791c56f8dc84c1687d651d60b24968b8631f0 [none]
[debug] [2023-03-02T08:15:40.297Z] >>> [apiv2][body] POST https://upload-firebasehosting.googleapis.com/upload/sites/harsh-portfolio-08/versions/be24246a769c324e/files/9d926c7daf287836efcbb71b2f9791c56f8dc84c1687d651d60b24968b8631f0 [stream]
[debug] [2023-03-02T08:15:40.303Z] >>> [apiv2][query] POST https://upload-firebasehosting.googleapis.com/upload/sites/harsh-portfolio-08/versions/be24246a769c324e/files/1c0bc89c3c7992563ac990b2a1c80368838b009c3c19d8cb07097ba4ece0c1e8 [none]
[debug] [2023-03-02T08:15:40.303Z] >>> [apiv2][body] POST https://upload-firebasehosting.googleapis.com/upload/sites/harsh-portfolio-08/versions/be24246a769c324e/files/1c0bc89c3c7992563ac990b2a1c80368838b009c3c19d8cb07097ba4ece0c1e8 [stream]
[debug] [2023-03-02T08:15:40.305Z] [hosting][populate queue][FINAL] {"max":1387,"min":1387,"avg":1387,"active":0,"complete":1,"success":1,"errored":0,"retried":0,"total":1,"elapsed":1431}
[debug] [2023-03-02T08:15:40.305Z] [hosting] uploads queued: 15
[debug] [2023-03-02T08:15:41.896Z] <<< [apiv2][status] POST https://upload-firebasehosting.googleapis.com/upload/sites/harsh-portfolio-08/versions/be24246a769c324e/files/d8aaacd905157f4c432f35d9689c0fcc091fde4c3ed39d60cf24c6fee52c47c7 200
[debug] [2023-03-02T08:15:41.896Z] <<< [apiv2][body] POST https://upload-firebasehosting.googleapis.com/upload/sites/harsh-portfolio-08/versions/be24246a769c324e/files/d8aaacd905157f4c432f35d9689c0fcc091fde4c3ed39d60cf24c6fee52c47c7 [stream]
[debug] [2023-03-02T08:15:41.940Z] <<< [apiv2][status] POST https://upload-firebasehosting.googleapis.com/upload/sites/harsh-portfolio-08/versions/be24246a769c324e/files/e67b0c4f99018f50fb2762c40ea0a0a3de97b10bfaadf9d211dcebbe49828ce9 200
[debug] [2023-03-02T08:15:41.940Z] <<< [apiv2][body] POST https://upload-firebasehosting.googleapis.com/upload/sites/harsh-portfolio-08/versions/be24246a769c324e/files/e67b0c4f99018f50fb2762c40ea0a0a3de97b10bfaadf9d211dcebbe49828ce9 [stream]
[debug] [2023-03-02T08:15:42.076Z] <<< [apiv2][status] POST https://upload-firebasehosting.googleapis.com/upload/sites/harsh-portfolio-08/versions/be24246a769c324e/files/229e4c51d641fca16c37c322d40fd853ae56bbbe97c92732471ca9082ee60dd9 200
[debug] [2023-03-02T08:15:42.076Z] <<< [apiv2][body] POST https://upload-firebasehosting.googleapis.com/upload/sites/harsh-portfolio-08/versions/be24246a769c324e/files/229e4c51d641fca16c37c322d40fd853ae56bbbe97c92732471ca9082ee60dd9 [stream]
[debug] [2023-03-02T08:15:42.288Z] <<< [apiv2][status] POST https://upload-firebasehosting.googleapis.com/upload/sites/harsh-portfolio-08/versions/be24246a769c324e/files/67de8cf9a9ba2b34c885fbad32a87303ea506e7e4c9020d475213ddd8ebda646 200
[debug] [2023-03-02T08:15:42.288Z] <<< [apiv2][body] POST https://upload-firebasehosting.googleapis.com/upload/sites/harsh-portfolio-08/versions/be24246a769c324e/files/67de8cf9a9ba2b34c885fbad32a87303ea506e7e4c9020d475213ddd8ebda646 [stream]
[debug] [2023-03-02T08:15:42.483Z] <<< [apiv2][status] POST https://upload-firebasehosting.googleapis.com/upload/sites/harsh-portfolio-08/versions/be24246a769c324e/files/0fad48a61866181b160d3c9c0b601de0c82651701a1067317caa0f595ecbdd9d 200
[debug] [2023-03-02T08:15:42.483Z] <<< [apiv2][body] POST https://upload-firebasehosting.googleapis.com/upload/sites/harsh-portfolio-08/versions/be24246a769c324e/files/0fad48a61866181b160d3c9c0b601de0c82651701a1067317caa0f595ecbdd9d [stream]
[debug] [2023-03-02T08:15:42.528Z] <<< [apiv2][status] POST https://upload-firebasehosting.googleapis.com/upload/sites/harsh-portfolio-08/versions/be24246a769c324e/files/7df3523014385d521103cdb6594f7f4409023afb5ac41f5e26f53db33d471928 200
[debug] [2023-03-02T08:15:42.529Z] <<< [apiv2][body] POST https://upload-firebasehosting.googleapis.com/upload/sites/harsh-portfolio-08/versions/be24246a769c324e/files/7df3523014385d521103cdb6594f7f4409023afb5ac41f5e26f53db33d471928 [stream]
